[INFO] Scanning for projects...
[INFO] ------------------------------------------------------------------------
[INFO] Reactor Build Order:
[INFO]
[INFO] dat3m                                                              [pom]
[INFO] dartagnan                                                          [jar]
[INFO] ui                                                                 [jar]
[INFO] svcomp                                                             [jar]
[INFO]
[INFO] --------------------------< com.dat3m:dat3m >---------------------------
[INFO] Building dat3m 4.0.0                                               [1/4]
[INFO] --------------------------------[ pom ]---------------------------------
[INFO]
[INFO] ------------------------< com.dat3m:dartagnan >-------------------------
[INFO] Building dartagnan 4.0.0                                           [2/4]
[INFO] --------------------------------[ jar ]---------------------------------
[WARNING] The POM for org.sosy-lab:javasmt-solver-boolector:so:libboolector:3.2.2-g1a89c229 is invalid, transitive dependencies (if any) will not be available, enable debug logging for more details
[WARNING] The POM for org.sosy-lab:javasmt-solver-boolector:so:libminisat:3.2.2-g1a89c229 is invalid, transitive dependencies (if any) will not be available, enable debug logging for more details
[WARNING] The POM for org.sosy-lab:javasmt-solver-boolector:so:libpicosat:3.2.2-g1a89c229 is invalid, transitive dependencies (if any) will not be available, enable debug logging for more details
[WARNING] The POM for org.sosy-lab:javasmt-solver-yices2:so:libyices2j:2.6.2-396-g194350c1 is invalid, transitive dependencies (if any) will not be available, enable debug logging for more details
[INFO]
[INFO] --- maven-dependency-plugin:3.6.0:copy-dependencies (copy-dependencies) @ dartagnan ---
[INFO] org.antlr:antlr4-runtime:jar:4.13.0 already exists in destination.
[INFO] commons-cli:commons-cli:jar:1.5.0 already exists in destination.
[INFO] com.google.guava:guava:jar:32.1.2-jre already exists in destination.
[INFO] com.google.guava:failureaccess:jar:1.0.1 already exists in destination.
[INFO] com.google.guava:listenablefuture:jar:9999.0-empty-to-avoid-conflict-with-guava already exists in destination.
[INFO] com.google.code.findbugs:jsr305:jar:3.0.2 already exists in destination.
[INFO] org.checkerframework:checker-qual:jar:3.33.0 already exists in destination.
[INFO] com.google.errorprone:error_prone_annotations:jar:2.18.0 already exists in destination.
[INFO] com.google.j2objc:j2objc-annotations:jar:2.8 already exists in destination.
[INFO] org.sosy-lab:java-smt:jar:4.1.0 already exists in destination.
[INFO] org.sosy-lab:common:jar:0.3000-569-g89796f98 already exists in destination.
[INFO] com.github.spotbugs:spotbugs-annotations:jar:4.7.3 already exists in destination.
[INFO] de.uni-freiburg.informatik.ultimate:smtinterpol:jar:2.5-1242-g5c50fb6d already exists in destination.
[INFO] io.github.uuverifiers:princess_2.13:jar:2023-06-19 already exists in destination.
[INFO] org.scala-lang:scala-library:jar:2.13.10 already exists in destination.
[INFO] io.github.uuverifiers:princess-parser_2.13:jar:2023-06-19 already exists in destination.
[INFO] io.github.uuverifiers:princess-smt-parser_2.13:jar:2023-06-19 already exists in destination.
[INFO] org.scala-lang.modules:scala-parser-combinators_2.13:jar:1.1.2 already exists in destination.
[INFO] net.sf.squirrel-sql.thirdparty-non-maven:java-cup:jar:0.11a already exists in destination.
[INFO] org.codehaus.mojo:animal-sniffer-annotations:jar:1.18 already exists in destination.
[INFO] org.apache.logging.log4j:log4j-api:jar:2.23.0 already exists in destination.
[INFO] org.apache.logging.log4j:log4j-core:jar:2.23.0 already exists in destination.
[INFO] org.sosy-lab:javasmt-solver-z3:jar:com.microsoft.z3:4.12.2 already exists in destination.
[INFO] org.sosy-lab:javasmt-solver-cvc4:jar:CVC4:1.8-prerelease-2020-06-24-g7825d8f28 already exists in destination.
[INFO] org.sosy-lab:javasmt-solver-cvc5:jar:cvc5:1.0.5-g4cb2ab9eb already exists in destination.
[INFO] org.sosy-lab:javasmt-solver-opensmt:jar:opensmt:2.5.2-g7f502169 already exists in destination.
[INFO] org.sosy-lab:javasmt-yices2:jar:4.1.0-1-gc58fe5b4 already exists in destination.
[INFO]
[INFO] --- maven-dependency-plugin:3.6.0:copy (copy) @ dartagnan ---
[INFO] Configured Artifact: org.sosy-lab:javasmt-solver-z3:libz3java:?:so
[INFO] Configured Artifact: org.sosy-lab:javasmt-solver-z3:libz3:?:so
[INFO] Configured Artifact: org.sosy-lab:javasmt-solver-mathsat5:libmathsat5j:?:so
[INFO] Configured Artifact: org.sosy-lab:javasmt-solver-boolector:libboolector:?:so
[WARNING] The POM for org.sosy-lab:javasmt-solver-boolector:so:libboolector:3.2.2-g1a89c229 is invalid, transitive dependencies (if any) will not be available, enable debug logging for more details
[INFO] Configured Artifact: org.sosy-lab:javasmt-solver-boolector:libminisat:?:so
[WARNING] The POM for org.sosy-lab:javasmt-solver-boolector:so:libminisat:3.2.2-g1a89c229 is invalid, transitive dependencies (if any) will not be available, enable debug logging for more details
[INFO] Configured Artifact: org.sosy-lab:javasmt-solver-boolector:libpicosat:?:so
[WARNING] The POM for org.sosy-lab:javasmt-solver-boolector:so:libpicosat:3.2.2-g1a89c229 is invalid, transitive dependencies (if any) will not be available, enable debug logging for more details
[INFO] Configured Artifact: org.sosy-lab:javasmt-solver-cvc4:libcvc4:?:so
[INFO] Configured Artifact: org.sosy-lab:javasmt-solver-cvc4:libcvc4jni:?:so
[INFO] Configured Artifact: org.sosy-lab:javasmt-solver-cvc4:libcvc4parser:?:so
[INFO] Configured Artifact: org.sosy-lab:javasmt-solver-cvc5:libcvc5:?:so
[INFO] Configured Artifact: org.sosy-lab:javasmt-solver-cvc5:libcvc5jni:?:so
[INFO] Configured Artifact: org.sosy-lab:javasmt-solver-cvc5:libcvc5parser:?:so
[INFO] Configured Artifact: org.sosy-lab:javasmt-solver-cvc5:libpoly:?:so
[INFO] Configured Artifact: org.sosy-lab:javasmt-solver-cvc5:libpolyxx:?:so
[INFO] Configured Artifact: org.sosy-lab:javasmt-solver-opensmt:libopensmtjava:?:so
[INFO] Configured Artifact: org.sosy-lab:javasmt-solver-opensmt:libopensmt:?:so
[INFO] Configured Artifact: org.sosy-lab:javasmt-solver-yices2:libyices2j:?:so
[WARNING] The POM for org.sosy-lab:javasmt-solver-yices2:so:libyices2j:2.6.2-396-g194350c1 is invalid, transitive dependencies (if any) will not be available, enable debug logging for more details
[INFO] org.sosy-lab:javasmt-solver-z3:libz3java:4.12.2:so already exists in /home/Dat3M/dartagnan/target/libs
[INFO] org.sosy-lab:javasmt-solver-z3:libz3:4.12.2:so already exists in /home/Dat3M/dartagnan/target/libs
[INFO] org.sosy-lab:javasmt-solver-mathsat5:libmathsat5j:5.6.10:so already exists in /home/Dat3M/dartagnan/target/libs
[INFO] org.sosy-lab:javasmt-solver-boolector:libboolector:3.2.2-g1a89c229:so already exists in /home/Dat3M/dartagnan/target/libs
[INFO] org.sosy-lab:javasmt-solver-boolector:libminisat:3.2.2-g1a89c229:so already exists in /home/Dat3M/dartagnan/target/libs
[INFO] org.sosy-lab:javasmt-solver-boolector:libpicosat:3.2.2-g1a89c229:so already exists in /home/Dat3M/dartagnan/target/libs
[INFO] org.sosy-lab:javasmt-solver-cvc4:libcvc4:1.8-prerelease-2020-06-24-g7825d8f28:so already exists in /home/Dat3M/dartagnan/target/libs
[INFO] org.sosy-lab:javasmt-solver-cvc4:libcvc4jni:1.8-prerelease-2020-06-24-g7825d8f28:so already exists in /home/Dat3M/dartagnan/target/libs
[INFO] org.sosy-lab:javasmt-solver-cvc4:libcvc4parser:1.8-prerelease-2020-06-24-g7825d8f28:so already exists in /home/Dat3M/dartagnan/target/libs
[INFO] org.sosy-lab:javasmt-solver-cvc5:libcvc5:1.0.5-g4cb2ab9eb:so already exists in /home/Dat3M/dartagnan/target/libs
[INFO] org.sosy-lab:javasmt-solver-cvc5:libcvc5jni:1.0.5-g4cb2ab9eb:so already exists in /home/Dat3M/dartagnan/target/libs
[INFO] org.sosy-lab:javasmt-solver-cvc5:libcvc5parser:1.0.5-g4cb2ab9eb:so already exists in /home/Dat3M/dartagnan/target/libs
[INFO] org.sosy-lab:javasmt-solver-cvc5:libpoly:1.0.5-g4cb2ab9eb:so already exists in /home/Dat3M/dartagnan/target/libs
[INFO] org.sosy-lab:javasmt-solver-cvc5:libpolyxx:1.0.5-g4cb2ab9eb:so already exists in /home/Dat3M/dartagnan/target/libs
[INFO] org.sosy-lab:javasmt-solver-opensmt:libopensmtjava:2.5.2-g7f502169:so already exists in /home/Dat3M/dartagnan/target/libs
[INFO] org.sosy-lab:javasmt-solver-opensmt:libopensmt:2.5.2-g7f502169:so already exists in /home/Dat3M/dartagnan/target/libs
[INFO] org.sosy-lab:javasmt-solver-yices2:libyices2j:2.6.2-396-g194350c1:so already exists in /home/Dat3M/dartagnan/target/libs
[INFO]
[INFO] --- git-commit-id-plugin:4.9.10:revision (populate-git-commit-information) @ dartagnan ---
[INFO]
[INFO] --- jacoco-maven-plugin:0.8.10:prepare-agent (default) @ dartagnan ---
[INFO] argLine set to -javaagent:/root/.m2/repository/org/jacoco/org.jacoco.agent/0.8.10/org.jacoco.agent-0.8.10-runtime.jar=destfile=/home/Dat3M/dartagnan/target/jacoco.exec,excludes=**/parsers/*Parser.class:**/parsers/*Lexer.class:**/parsers/*Visitor.class:**/parsers/*Context.class:**/parsers/*Listener.class
[INFO]
[INFO] --- antlr4-maven-plugin:4.13.0:antlr4 (antlr-generate) @ dartagnan ---
[INFO] No grammars to process
[INFO] ANTLR 4: Processing source directory /home/Dat3M/dartagnan/src/main/antlr4
[INFO]
[INFO] --- build-helper-maven-plugin:3.4.0:add-source (add-source) @ dartagnan ---
[INFO] Source directory: /home/Dat3M/dartagnan/target/generated-sources/antlr4 added.
[INFO]
[INFO] --- maven-resources-plugin:3.3.1:resources (default-resources) @ dartagnan ---
[INFO] Copying 1 resource from src/main/resources to target/classes
[INFO]
[INFO] --- maven-compiler-plugin:3.11.0:compile (default-compile) @ dartagnan ---
[INFO] Changes detected - recompiling the module! :source
[INFO] Compiling 546 source files with javac [debug target 17] to target/classes
[WARNING] /home/Dat3M/dartagnan/src/main/java/com/dat3m/dartagnan/GlobalSettings.java:[14,1] @Options annotation on class without @Option fields or methods is useless.
[WARNING] /home/Dat3M/dartagnan/src/main/java/com/dat3m/dartagnan/wmm/processing/WmmProcessingManager.java:[13,1] @Options annotation on class without @Option fields or methods is useless.
[INFO] /home/Dat3M/dartagnan/src/main/java/com/dat3m/dartagnan/Dartagnan.java: /home/Dat3M/dartagnan/src/main/java/com/dat3m/dartagnan/Dartagnan.java uses or overrides a deprecated API.
[INFO] /home/Dat3M/dartagnan/src/main/java/com/dat3m/dartagnan/Dartagnan.java: Recompile with -Xlint:deprecation for details.
[INFO] /home/Dat3M/dartagnan/src/main/java/com/dat3m/dartagnan/utils/logic/DNF.java: Some input files use unchecked or unsafe operations.
[INFO] /home/Dat3M/dartagnan/src/main/java/com/dat3m/dartagnan/utils/logic/DNF.java: Recompile with -Xlint:unchecked for details.
[INFO]
[INFO] --- maven-resources-plugin:3.3.1:testResources (default-testResources) @ dartagnan ---
[INFO] Copying 285 resources from src/test/resources to target/test-classes
[INFO]
[INFO] --- maven-compiler-plugin:3.11.0:testCompile (default-testCompile) @ dartagnan ---
[INFO] Changes detected - recompiling the module! :dependency
[INFO] Compiling 78 source files with javac [debug target 17] to target/test-classes
[INFO]
[INFO] --- maven-surefire-plugin:3.1.2:test (default-test) @ dartagnan ---
[INFO] Using auto detected provider org.apache.maven.surefire.junit4.JUnit4Provider
Downloading from central: https://repo.maven.apache.org/maven2/org/apache/maven/surefire/surefire-junit4/3.1.2/surefire-junit4-3.1.2.pom
Downloaded from central: https://repo.maven.apache.org/maven2/org/apache/maven/surefire/surefire-junit4/3.1.2/surefire-junit4-3.1.2.pom (3.0 kB at 35 kB/s)
Downloading from central: https://repo.maven.apache.org/maven2/org/apache/maven/surefire/surefire-providers/3.1.2/surefire-providers-3.1.2.pom
Downloaded from central: https://repo.maven.apache.org/maven2/org/apache/maven/surefire/surefire-providers/3.1.2/surefire-providers-3.1.2.pom (2.6 kB at 174 kB/s)
Downloading from central: https://repo.maven.apache.org/maven2/org/apache/maven/surefire/common-junit4/3.1.2/common-junit4-3.1.2.pom
Downloaded from central: https://repo.maven.apache.org/maven2/org/apache/maven/surefire/common-junit4/3.1.2/common-junit4-3.1.2.pom (3.1 kB at 196 kB/s)
Downloading from central: https://repo.maven.apache.org/maven2/org/apache/maven/surefire/common-junit3/3.1.2/common-junit3-3.1.2.pom
Downloaded from central: https://repo.maven.apache.org/maven2/org/apache/maven/surefire/common-junit3/3.1.2/common-junit3-3.1.2.pom (2.8 kB at 48 kB/s)
Downloading from central: https://repo.maven.apache.org/maven2/org/apache/maven/surefire/common-java5/3.1.2/common-java5-3.1.2.pom
Downloaded from central: https://repo.maven.apache.org/maven2/org/apache/maven/surefire/common-java5/3.1.2/common-java5-3.1.2.pom (2.8 kB at 148 kB/s)
Downloading from central: https://repo.maven.apache.org/maven2/org/apache/maven/surefire/surefire-junit4/3.1.2/surefire-junit4-3.1.2.jar
Downloading from central: https://repo.maven.apache.org/maven2/org/apache/maven/surefire/common-junit4/3.1.2/common-junit4-3.1.2.jar
Downloading from central: https://repo.maven.apache.org/maven2/org/apache/maven/surefire/common-java5/3.1.2/common-java5-3.1.2.jar
Downloading from central: https://repo.maven.apache.org/maven2/org/apache/maven/surefire/common-junit3/3.1.2/common-junit3-3.1.2.jar
Downloaded from central: https://repo.maven.apache.org/maven2/org/apache/maven/surefire/surefire-junit4/3.1.2/surefire-junit4-3.1.2.jar (18 kB at 357 kB/s)
Downloaded from central: https://repo.maven.apache.org/maven2/org/apache/maven/surefire/common-java5/3.1.2/common-java5-3.1.2.jar (18 kB at 303 kB/s)
Downloaded from central: https://repo.maven.apache.org/maven2/org/apache/maven/surefire/common-junit3/3.1.2/common-junit3-3.1.2.jar (12 kB at 202 kB/s)
Downloaded from central: https://repo.maven.apache.org/maven2/org/apache/maven/surefire/common-junit4/3.1.2/common-junit4-3.1.2.jar (26 kB at 397 kB/s)
[INFO]
[INFO] -------------------------------------------------------
[INFO]  T E S T S
[INFO] -------------------------------------------------------
[INFO] Running com.dat3m.dartagnan.GlobalSettingsTest
[INFO] Tests run: 2, Failures: 0, Errors: 0, Skipped: 0, Time elapsed: 0.620 s -- in com.dat3m.dartagnan.GlobalSettingsTest
[INFO] Running com.dat3m.dartagnan.c.RC11Test
[INFO] Tests run: 20, Failures: 0, Errors: 0, Skipped: 0, Time elapsed: 3.241 s -- in com.dat3m.dartagnan.c.RC11Test
[INFO] Running com.dat3m.dartagnan.c.IMMLocksTest
[INFO] Tests run: 27, Failures: 0, Errors: 0, Skipped: 0, Time elapsed: 10.30 s -- in com.dat3m.dartagnan.c.IMMLocksTest
[INFO] Running com.dat3m.dartagnan.c.CLocksTest
[INFO] Tests run: 112, Failures: 0, Errors: 0, Skipped: 0, Time elapsed: 33.46 s -- in com.dat3m.dartagnan.c.CLocksTest
[INFO] Running com.dat3m.dartagnan.c.LivenessTest
[INFO] Tests run: 96, Failures: 0, Errors: 0, Skipped: 0, Time elapsed: 33.70 s -- in com.dat3m.dartagnan.c.LivenessTest
[INFO] Running com.dat3m.dartagnan.c.IMMTest
[INFO] Tests run: 26, Failures: 0, Errors: 0, Skipped: 0, Time elapsed: 3.707 s -- in com.dat3m.dartagnan.c.IMMTest
[INFO] Running com.dat3m.dartagnan.c.CLKMMTest
[INFO] Tests run: 38, Failures: 0, Errors: 0, Skipped: 0, Time elapsed: 22.01 s -- in com.dat3m.dartagnan.c.CLKMMTest
[INFO] Running com.dat3m.dartagnan.c.C11OrigLocksTest
[INFO] Tests run: 50, Failures: 0, Errors: 0, Skipped: 0, Time elapsed: 155.1 s -- in com.dat3m.dartagnan.c.C11OrigLocksTest
[INFO] Running com.dat3m.dartagnan.c.LFDSTest
[INFO] Tests run: 42, Failures: 0, Errors: 0, Skipped: 0, Time elapsed: 334.2 s -- in com.dat3m.dartagnan.c.LFDSTest
[INFO] Running com.dat3m.dartagnan.c.RC11LocksTest
[INFO] Tests run: 27, Failures: 0, Errors: 0, Skipped: 0, Time elapsed: 10.13 s -- in com.dat3m.dartagnan.c.RC11LocksTest
[INFO] Running com.dat3m.dartagnan.c.EBRTest
[INFO] Tests run: 4, Failures: 0, Errors: 0, Skipped: 0, Time elapsed: 157.2 s -- in com.dat3m.dartagnan.c.EBRTest
[INFO] Running com.dat3m.dartagnan.c.C11OrigLFDSTest
[INFO] Tests run: 14, Failures: 0, Errors: 0, Skipped: 0, Time elapsed: 17.88 s -- in com.dat3m.dartagnan.c.C11OrigLFDSTest
[INFO] Running com.dat3m.dartagnan.c.MiscellaneousTest
[INFO] Tests run: 40, Failures: 0, Errors: 0, Skipped: 0, Time elapsed: 6.734 s -- in com.dat3m.dartagnan.c.MiscellaneousTest
[INFO] Running com.dat3m.dartagnan.c.IMMLFDSTest
[INFO] Tests run: 10, Failures: 0, Errors: 0, Skipped: 0, Time elapsed: 19.82 s -- in com.dat3m.dartagnan.c.IMMLFDSTest
[INFO] Running com.dat3m.dartagnan.c.C11LFDSTest
[INFO] Tests run: 14, Failures: 0, Errors: 0, Skipped: 0, Time elapsed: 15.38 s -- in com.dat3m.dartagnan.c.C11LFDSTest
[INFO] Running com.dat3m.dartagnan.c.LibvsyncTest
[INFO] Tests run: 14, Failures: 0, Errors: 0, Skipped: 0, Time elapsed: 14.99 s -- in com.dat3m.dartagnan.c.LibvsyncTest
[INFO] Running com.dat3m.dartagnan.c.RC11LFDSTest
[INFO] Tests run: 10, Failures: 0, Errors: 0, Skipped: 0, Time elapsed: 20.95 s -- in com.dat3m.dartagnan.c.RC11LFDSTest
[INFO] Running com.dat3m.dartagnan.c.C11LocksTest
[INFO] Tests run: 50, Failures: 0, Errors: 0, Skipped: 0, Time elapsed: 161.3 s -- in com.dat3m.dartagnan.c.C11LocksTest
[INFO] Running com.dat3m.dartagnan.parsers.program.ParserSpirvTest
[INFO] Tests run: 38, Failures: 0, Errors: 0, Skipped: 0, Time elapsed: 1.319 s -- in com.dat3m.dartagnan.parsers.program.ParserSpirvTest
[INFO] Running com.dat3m.dartagnan.parsers.program.utils.ProgramBuilderTest
[INFO] Tests run: 1, Failures: 0, Errors: 0, Skipped: 0, Time elapsed: 0.315 s -- in com.dat3m.dartagnan.parsers.program.utils.ProgramBuilderTest
[INFO] Running com.dat3m.dartagnan.witness.ParseWitnessTest
[INFO] Tests run: 1, Failures: 0, Errors: 0, Skipped: 0, Time elapsed: 0.734 s -- in com.dat3m.dartagnan.witness.ParseWitnessTest
[INFO] Running com.dat3m.dartagnan.witness.BuildWitnessTest
[INFO] Tests run: 1, Failures: 0, Errors: 0, Skipped: 0, Time elapsed: 1.868 s -- in com.dat3m.dartagnan.witness.BuildWitnessTest
[INFO] Running com.dat3m.dartagnan.litmus.LitmusVulkanTest
[INFO] Tests run: 97, Failures: 0, Errors: 0, Skipped: 0, Time elapsed: 6.394 s -- in com.dat3m.dartagnan.litmus.LitmusVulkanTest
[INFO] Running com.dat3m.dartagnan.litmus.LitmusX86Test
[INFO] Tests run: 487, Failures: 0, Errors: 0, Skipped: 0, Time elapsed: 17.18 s -- in com.dat3m.dartagnan.litmus.LitmusX86Test
[INFO] Running com.dat3m.dartagnan.litmus.LitmusVulkanRacesTest
[INFO] Tests run: 94, Failures: 0, Errors: 0, Skipped: 0, Time elapsed: 6.479 s -- in com.dat3m.dartagnan.litmus.LitmusVulkanRacesTest
[INFO] Running com.dat3m.dartagnan.litmus.LitmusPTXv7_5Test
[INFO] Tests run: 235, Failures: 0, Errors: 0, Skipped: 0, Time elapsed: 9.711 s -- in com.dat3m.dartagnan.litmus.LitmusPTXv7_5Test
[INFO] Running com.dat3m.dartagnan.litmus.LitmusC11Test
[INFO] Tests run: 135, Failures: 0, Errors: 0, Skipped: 0, Time elapsed: 6.315 s -- in com.dat3m.dartagnan.litmus.LitmusC11Test
[INFO] Running com.dat3m.dartagnan.litmus.LitmusRISCVTest
[INFO] Tests run: 6661, Failures: 0, Errors: 0, Skipped: 0, Time elapsed: 194.5 s -- in com.dat3m.dartagnan.litmus.LitmusRISCVTest
[INFO] Running com.dat3m.dartagnan.litmus.LitmusPTXv6_0LivenessTest
[INFO] Tests run: 73, Failures: 0, Errors: 0, Skipped: 0, Time elapsed: 4.588 s -- in com.dat3m.dartagnan.litmus.LitmusPTXv6_0LivenessTest
[INFO] Running com.dat3m.dartagnan.litmus.LISA_X86_Test
[INFO] Tests run: 1, Failures: 0, Errors: 0, Skipped: 0, Time elapsed: 1.584 s -- in com.dat3m.dartagnan.litmus.LISA_X86_Test
[INFO] Running com.dat3m.dartagnan.litmus.LitmusPTXv7_5LivenessTest
[INFO] Tests run: 73, Failures: 0, Errors: 0, Skipped: 0, Time elapsed: 4.722 s -- in com.dat3m.dartagnan.litmus.LitmusPTXv7_5LivenessTest
[INFO] Running com.dat3m.dartagnan.litmus.LitmusLinuxTest
[INFO] Tests run: 5099, Failures: 0, Errors: 0, Skipped: 0, Time elapsed: 284.3 s -- in com.dat3m.dartagnan.litmus.LitmusLinuxTest
[INFO] Running com.dat3m.dartagnan.litmus.LitmusRC11Test
[INFO] Tests run: 135, Failures: 0, Errors: 0, Skipped: 0, Time elapsed: 6.220 s -- in com.dat3m.dartagnan.litmus.LitmusRC11Test
[INFO] Running com.dat3m.dartagnan.litmus.LitmusVulkanNochainsTest
[INFO] Tests run: 6, Failures: 0, Errors: 0, Skipped: 0, Time elapsed: 2.143 s -- in com.dat3m.dartagnan.litmus.LitmusVulkanNochainsTest
[INFO] Running com.dat3m.dartagnan.litmus.LitmusLinuxRacesTest
[INFO] Tests run: 5006, Failures: 0, Errors: 0, Skipped: 0, Time elapsed: 271.4 s -- in com.dat3m.dartagnan.litmus.LitmusLinuxRacesTest
[INFO] Running com.dat3m.dartagnan.litmus.LitmusPPCTest
[INFO] Tests run: 2362, Failures: 0, Errors: 0, Skipped: 0, Time elapsed: 71.00 s -- in com.dat3m.dartagnan.litmus.LitmusPPCTest
[INFO] Running com.dat3m.dartagnan.litmus.LitmusVulkanRacesNochainsTest
[INFO] Tests run: 6, Failures: 0, Errors: 0, Skipped: 0, Time elapsed: 2.146 s -- in com.dat3m.dartagnan.litmus.LitmusVulkanRacesNochainsTest
[INFO] Running com.dat3m.dartagnan.litmus.LitmusPTXv6_0Test
[INFO] Tests run: 106, Failures: 0, Errors: 0, Skipped: 0, Time elapsed: 5.611 s -- in com.dat3m.dartagnan.litmus.LitmusPTXv6_0Test
[INFO] Running com.dat3m.dartagnan.litmus.LitmusAARCH64Test
[INFO] Tests run: 5141, Failures: 0, Errors: 0, Skipped: 0, Time elapsed: 143.4 s -- in com.dat3m.dartagnan.litmus.LitmusAARCH64Test
[INFO] Running com.dat3m.dartagnan.litmus.LISA_LKMM_Test
[INFO] Tests run: 4, Failures: 0, Errors: 0, Skipped: 0, Time elapsed: 1.741 s -- in com.dat3m.dartagnan.litmus.LISA_LKMM_Test
[INFO] Running com.dat3m.dartagnan.litmus.LISA_AARCH64_Test
[INFO] Tests run: 5, Failures: 0, Errors: 0, Skipped: 0, Time elapsed: 1.775 s -- in com.dat3m.dartagnan.litmus.LISA_AARCH64_Test
[INFO] Running com.dat3m.dartagnan.litmus.LitmusVulkanLivenessTest
[INFO] Tests run: 73, Failures: 0, Errors: 0, Skipped: 0, Time elapsed: 5.255 s -- in com.dat3m.dartagnan.litmus.LitmusVulkanLivenessTest
[INFO] Running com.dat3m.dartagnan.litmus.LitmusVulkanCheckerTest
[INFO] Tests run: 239, Failures: 0, Errors: 0, Skipped: 0, Time elapsed: 12.85 s -- in com.dat3m.dartagnan.litmus.LitmusVulkanCheckerTest
[INFO] Running com.dat3m.dartagnan.wmm.utils.EventGraphTest
[INFO] Tests run: 77, Failures: 0, Errors: 0, Skipped: 0, Time elapsed: 0.091 s -- in com.dat3m.dartagnan.wmm.utils.EventGraphTest
[INFO] Running com.dat3m.dartagnan.wmm.utils.EmptyEventGraphTest
[INFO] Tests run: 29, Failures: 0, Errors: 0, Skipped: 0, Time elapsed: 0.106 s -- in com.dat3m.dartagnan.wmm.utils.EmptyEventGraphTest
[INFO] Running com.dat3m.dartagnan.exceptions.ArrayIllegalTest
[INFO] Tests run: 6, Failures: 0, Errors: 0, Skipped: 0, Time elapsed: 0.354 s -- in com.dat3m.dartagnan.exceptions.ArrayIllegalTest
[INFO] Running com.dat3m.dartagnan.exceptions.ExceptionsTest
[INFO] Tests run: 9, Failures: 0, Errors: 0, Skipped: 0, Time elapsed: 0.416 s -- in com.dat3m.dartagnan.exceptions.ExceptionsTest
[INFO] Running com.dat3m.dartagnan.exceptions.WrongTargetTest
[INFO] Tests run: 6, Failures: 0, Errors: 0, Skipped: 0, Time elapsed: 0.957 s -- in com.dat3m.dartagnan.exceptions.WrongTargetTest
[INFO] Running com.dat3m.dartagnan.miscellaneous.BranchTest
[INFO] Tests run: 21, Failures: 0, Errors: 0, Skipped: 0, Time elapsed: 2.690 s -- in com.dat3m.dartagnan.miscellaneous.BranchTest
[INFO] Running com.dat3m.dartagnan.miscellaneous.AnalysisTest
[INFO] Tests run: 13, Failures: 0, Errors: 0, Skipped: 0, Time elapsed: 0.925 s -- in com.dat3m.dartagnan.miscellaneous.AnalysisTest
[INFO] Running com.dat3m.dartagnan.miscellaneous.LoopTest
[INFO] Tests run: 1, Failures: 0, Errors: 0, Skipped: 0, Time elapsed: 0.800 s -- in com.dat3m.dartagnan.miscellaneous.LoopTest
[INFO] Running com.dat3m.dartagnan.miscellaneous.PrinterTest
[INFO] Tests run: 11, Failures: 0, Errors: 0, Skipped: 0, Time elapsed: 1.512 s -- in com.dat3m.dartagnan.miscellaneous.PrinterTest
[INFO] Running com.dat3m.dartagnan.miscellaneous.ApplicationTest
Condition forall ((x==bv64(1) && (y==bv64(2) || y==bv64(1)) || x==bv64(2) && y==bv64(1)))
Ok
Total verification time: 0.472 secs
=========== Not fully unrolled loops ============
        E144:   T1:thread_n -> ttaslock_acquire @ttas.c#17 -> @ttas.h#40
=================================================
UNKNOWN
Total verification time: 0.288 secs
UNKNOWN
Total verification time: 0.274 secs
=========== Not fully unrolled loops ============
        E144:   T1:thread_n -> ttaslock_acquire @ttas.c#17 -> @ttas.h#40
=================================================
UNKNOWN
Total verification time: 0.285 secs
=========== Not fully unrolled loops ============
        E144:   T1:thread_n -> ttaslock_acquire @ttas.c#17 -> @ttas.h#40
=================================================
UNKNOWN
Total verification time: 0.175 secs
===== Program specification violation found =====
        E144:   reach_error @lazy01.i#722 -> @lazy01.i#20: user assertion
=================================================
FAIL
Total verification time: 0.104 secs
=========== Not fully unrolled loops ============
        E144:   T1:thread_n -> ttaslock_acquire @ttas.c#17 -> @ttas.h#40
=================================================
UNKNOWN
Total verification time: 0.130 secs
[INFO] Tests run: 12, Failures: 0, Errors: 0, Skipped: 0, Time elapsed: 3.302 s -- in com.dat3m.dartagnan.miscellaneous.ApplicationTest
[INFO] Running com.dat3m.dartagnan.miscellaneous.ArrayValidTest
[INFO] Tests run: 19, Failures: 0, Errors: 0, Skipped: 0, Time elapsed: 2.973 s -- in com.dat3m.dartagnan.miscellaneous.ArrayValidTest
[INFO] Running com.dat3m.dartagnan.compilation.LKMMToAarch64Test
[INFO] Tests run: 5292, Failures: 0, Errors: 0, Skipped: 0, Time elapsed: 225.7 s -- in com.dat3m.dartagnan.compilation.LKMMToAarch64Test
[INFO] Running com.dat3m.dartagnan.compilation.C11ToPPCTest
[INFO] Tests run: 136, Failures: 0, Errors: 0, Skipped: 0, Time elapsed: 6.728 s -- in com.dat3m.dartagnan.compilation.C11ToPPCTest
[INFO] Running com.dat3m.dartagnan.compilation.C11ToRISCVTest
[INFO] Tests run: 136, Failures: 0, Errors: 0, Skipped: 0, Time elapsed: 6.743 s -- in com.dat3m.dartagnan.compilation.C11ToRISCVTest
[INFO] Running com.dat3m.dartagnan.compilation.LKMMToRISCVTest
[INFO] Tests run: 5292, Failures: 0, Errors: 0, Skipped: 0, Time elapsed: 233.1 s -- in com.dat3m.dartagnan.compilation.LKMMToRISCVTest
[INFO] Running com.dat3m.dartagnan.compilation.RC11ToAarch64Test
[INFO] Tests run: 136, Failures: 0, Errors: 0, Skipped: 0, Time elapsed: 6.816 s -- in com.dat3m.dartagnan.compilation.RC11ToAarch64Test
[INFO] Running com.dat3m.dartagnan.compilation.RC11ToRISCVTest
[INFO] Tests run: 136, Failures: 0, Errors: 0, Skipped: 0, Time elapsed: 6.979 s -- in com.dat3m.dartagnan.compilation.RC11ToRISCVTest
[INFO] Running com.dat3m.dartagnan.compilation.RC11ToPPCTest
[INFO] Tests run: 136, Failures: 0, Errors: 0, Skipped: 0, Time elapsed: 6.822 s -- in com.dat3m.dartagnan.compilation.RC11ToPPCTest
[INFO] Running com.dat3m.dartagnan.compilation.LKMMToPPCTest
[INFO] Tests run: 5292, Failures: 0, Errors: 0, Skipped: 0, Time elapsed: 254.6 s -- in com.dat3m.dartagnan.compilation.LKMMToPPCTest
[INFO] Running com.dat3m.dartagnan.compilation.C11ToAarch64Test
[INFO] Tests run: 136, Failures: 0, Errors: 0, Skipped: 0, Time elapsed: 6.472 s -- in com.dat3m.dartagnan.compilation.C11ToAarch64Test
[INFO] Running com.dat3m.dartagnan.compilation.C11ToTSOTest
[INFO] Tests run: 136, Failures: 0, Errors: 0, Skipped: 0, Time elapsed: 6.523 s -- in com.dat3m.dartagnan.compilation.C11ToTSOTest
[INFO] Running com.dat3m.dartagnan.compilation.RC11ToTSOTest
[INFO] Tests run: 136, Failures: 0, Errors: 0, Skipped: 0, Time elapsed: 6.691 s -- in com.dat3m.dartagnan.compilation.RC11ToTSOTest
[INFO]
[INFO] Results:
[INFO]
[INFO] Tests run: 43843, Failures: 0, Errors: 0, Skipped: 0
[INFO]
[INFO]
[INFO] --- jacoco-maven-plugin:0.8.10:report (generate-code-coverage-report) @ dartagnan ---
[INFO] Loading execution data file /home/Dat3M/dartagnan/target/jacoco.exec
[INFO] Analyzed bundle 'dartagnan' with 578 classes
[INFO]
[INFO] ----------------------------< com.dat3m:ui >----------------------------
[INFO] Building ui 4.0.0                                                  [3/4]
[INFO] --------------------------------[ jar ]---------------------------------
[INFO]
[INFO] --- maven-dependency-plugin:3.6.0:copy-dependencies (copy-dependencies) @ ui ---
[INFO] org.antlr:antlr4-runtime:jar:4.13.0 already exists in destination.
[INFO] commons-cli:commons-cli:jar:1.5.0 already exists in destination.
[INFO] com.google.guava:guava:jar:32.1.2-jre already exists in destination.
[INFO] com.google.guava:failureaccess:jar:1.0.1 already exists in destination.
[INFO] com.google.guava:listenablefuture:jar:9999.0-empty-to-avoid-conflict-with-guava already exists in destination.
[INFO] com.google.code.findbugs:jsr305:jar:3.0.2 already exists in destination.
[INFO] org.checkerframework:checker-qual:jar:3.33.0 already exists in destination.
[INFO] com.google.errorprone:error_prone_annotations:jar:2.18.0 already exists in destination.
[INFO] com.google.j2objc:j2objc-annotations:jar:2.8 already exists in destination.
[INFO] org.sosy-lab:java-smt:jar:4.1.0 already exists in destination.
[INFO] org.sosy-lab:common:jar:0.3000-569-g89796f98 already exists in destination.
[INFO] com.github.spotbugs:spotbugs-annotations:jar:4.7.3 already exists in destination.
[INFO] de.uni-freiburg.informatik.ultimate:smtinterpol:jar:2.5-1242-g5c50fb6d already exists in destination.
[INFO] io.github.uuverifiers:princess_2.13:jar:2023-06-19 already exists in destination.
[INFO] org.scala-lang:scala-library:jar:2.13.10 already exists in destination.
[INFO] io.github.uuverifiers:princess-parser_2.13:jar:2023-06-19 already exists in destination.
[INFO] io.github.uuverifiers:princess-smt-parser_2.13:jar:2023-06-19 already exists in destination.
[INFO] org.scala-lang.modules:scala-parser-combinators_2.13:jar:1.1.2 already exists in destination.
[INFO] net.sf.squirrel-sql.thirdparty-non-maven:java-cup:jar:0.11a already exists in destination.
[INFO] org.codehaus.mojo:animal-sniffer-annotations:jar:1.18 already exists in destination.
[INFO] org.apache.logging.log4j:log4j-api:jar:2.23.0 already exists in destination.
[INFO] org.apache.logging.log4j:log4j-core:jar:2.23.0 already exists in destination.
[INFO] org.sosy-lab:javasmt-solver-z3:jar:com.microsoft.z3:4.12.2 already exists in destination.
[INFO] com.fifesoft:rsyntaxtextarea:jar:3.3.4 already exists in destination.
[INFO] org.sosy-lab:javasmt-solver-cvc4:jar:CVC4:1.8-prerelease-2020-06-24-g7825d8f28 already exists in destination.
[INFO] org.sosy-lab:javasmt-solver-cvc5:jar:cvc5:1.0.5-g4cb2ab9eb already exists in destination.
[INFO] org.sosy-lab:javasmt-solver-opensmt:jar:opensmt:2.5.2-g7f502169 already exists in destination.
[INFO] org.sosy-lab:javasmt-yices2:jar:4.1.0-1-gc58fe5b4 already exists in destination.
[INFO]
[INFO] --- maven-dependency-plugin:3.6.0:copy (copy) @ ui ---
[INFO] Configured Artifact: org.sosy-lab:javasmt-solver-z3:libz3java:?:so
[INFO] Configured Artifact: org.sosy-lab:javasmt-solver-z3:libz3:?:so
[INFO] Configured Artifact: org.sosy-lab:javasmt-solver-mathsat5:libmathsat5j:?:so
[INFO] Configured Artifact: org.sosy-lab:javasmt-solver-boolector:libboolector:?:so
[WARNING] The POM for org.sosy-lab:javasmt-solver-boolector:so:libboolector:3.2.2-g1a89c229 is invalid, transitive dependencies (if any) will not be available, enable debug logging for more details
[INFO] Configured Artifact: org.sosy-lab:javasmt-solver-boolector:libminisat:?:so
[WARNING] The POM for org.sosy-lab:javasmt-solver-boolector:so:libminisat:3.2.2-g1a89c229 is invalid, transitive dependencies (if any) will not be available, enable debug logging for more details
[INFO] Configured Artifact: org.sosy-lab:javasmt-solver-boolector:libpicosat:?:so
[WARNING] The POM for org.sosy-lab:javasmt-solver-boolector:so:libpicosat:3.2.2-g1a89c229 is invalid, transitive dependencies (if any) will not be available, enable debug logging for more details
[INFO] Configured Artifact: org.sosy-lab:javasmt-solver-cvc4:libcvc4:?:so
[INFO] Configured Artifact: org.sosy-lab:javasmt-solver-cvc4:libcvc4jni:?:so
[INFO] Configured Artifact: org.sosy-lab:javasmt-solver-cvc4:libcvc4parser:?:so
[INFO] Configured Artifact: org.sosy-lab:javasmt-solver-cvc5:libcvc5:?:so
[INFO] Configured Artifact: org.sosy-lab:javasmt-solver-cvc5:libcvc5jni:?:so
[INFO] Configured Artifact: org.sosy-lab:javasmt-solver-cvc5:libcvc5parser:?:so
[INFO] Configured Artifact: org.sosy-lab:javasmt-solver-cvc5:libpoly:?:so
[INFO] Configured Artifact: org.sosy-lab:javasmt-solver-cvc5:libpolyxx:?:so
[INFO] Configured Artifact: org.sosy-lab:javasmt-solver-opensmt:libopensmtjava:?:so
[INFO] Configured Artifact: org.sosy-lab:javasmt-solver-opensmt:libopensmt:?:so
[INFO] Configured Artifact: org.sosy-lab:javasmt-solver-yices2:libyices2j:?:so
[WARNING] The POM for org.sosy-lab:javasmt-solver-yices2:so:libyices2j:2.6.2-396-g194350c1 is invalid, transitive dependencies (if any) will not be available, enable debug logging for more details
[INFO] org.sosy-lab:javasmt-solver-z3:libz3java:4.12.2:so already exists in /home/Dat3M/ui/target/libs
[INFO] org.sosy-lab:javasmt-solver-z3:libz3:4.12.2:so already exists in /home/Dat3M/ui/target/libs
[INFO] org.sosy-lab:javasmt-solver-mathsat5:libmathsat5j:5.6.10:so already exists in /home/Dat3M/ui/target/libs
[INFO] org.sosy-lab:javasmt-solver-boolector:libboolector:3.2.2-g1a89c229:so already exists in /home/Dat3M/ui/target/libs
[INFO] org.sosy-lab:javasmt-solver-boolector:libminisat:3.2.2-g1a89c229:so already exists in /home/Dat3M/ui/target/libs
[INFO] org.sosy-lab:javasmt-solver-boolector:libpicosat:3.2.2-g1a89c229:so already exists in /home/Dat3M/ui/target/libs
[INFO] org.sosy-lab:javasmt-solver-cvc4:libcvc4:1.8-prerelease-2020-06-24-g7825d8f28:so already exists in /home/Dat3M/ui/target/libs
[INFO] org.sosy-lab:javasmt-solver-cvc4:libcvc4jni:1.8-prerelease-2020-06-24-g7825d8f28:so already exists in /home/Dat3M/ui/target/libs
[INFO] org.sosy-lab:javasmt-solver-cvc4:libcvc4parser:1.8-prerelease-2020-06-24-g7825d8f28:so already exists in /home/Dat3M/ui/target/libs
[INFO] org.sosy-lab:javasmt-solver-cvc5:libcvc5:1.0.5-g4cb2ab9eb:so already exists in /home/Dat3M/ui/target/libs
[INFO] org.sosy-lab:javasmt-solver-cvc5:libcvc5jni:1.0.5-g4cb2ab9eb:so already exists in /home/Dat3M/ui/target/libs
[INFO] org.sosy-lab:javasmt-solver-cvc5:libcvc5parser:1.0.5-g4cb2ab9eb:so already exists in /home/Dat3M/ui/target/libs
[INFO] org.sosy-lab:javasmt-solver-cvc5:libpoly:1.0.5-g4cb2ab9eb:so already exists in /home/Dat3M/ui/target/libs
[INFO] org.sosy-lab:javasmt-solver-cvc5:libpolyxx:1.0.5-g4cb2ab9eb:so already exists in /home/Dat3M/ui/target/libs
[INFO] org.sosy-lab:javasmt-solver-opensmt:libopensmtjava:2.5.2-g7f502169:so already exists in /home/Dat3M/ui/target/libs
[INFO] org.sosy-lab:javasmt-solver-opensmt:libopensmt:2.5.2-g7f502169:so already exists in /home/Dat3M/ui/target/libs
[INFO] org.sosy-lab:javasmt-solver-yices2:libyices2j:2.6.2-396-g194350c1:so already exists in /home/Dat3M/ui/target/libs
[INFO]
[INFO] --- maven-resources-plugin:3.3.1:resources (default-resources) @ ui ---
[INFO] Copying 1 resource from src/main/resources to target/classes
[INFO]
[INFO] --- maven-compiler-plugin:3.11.0:compile (default-compile) @ ui ---
[INFO] Changes detected - recompiling the module! :dependency
[INFO] Compiling 23 source files with javac [debug target 17] to target/classes
[INFO] /home/Dat3M/ui/src/main/java/com/dat3m/ui/editor/LineNumbersView.java: /home/Dat3M/ui/src/main/java/com/dat3m/ui/editor/LineNumbersView.java uses or overrides a deprecated API.
[INFO] /home/Dat3M/ui/src/main/java/com/dat3m/ui/editor/LineNumbersView.java: Recompile with -Xlint:deprecation for details.
[INFO]
[INFO] --- maven-resources-plugin:3.3.1:testResources (default-testResources) @ ui ---
[INFO] skip non existing resourceDirectory /home/Dat3M/ui/src/test/resources
[INFO]
[INFO] --- maven-compiler-plugin:3.11.0:testCompile (default-testCompile) @ ui ---
[INFO] No sources to compile
[INFO]
[INFO] --- maven-surefire-plugin:3.1.2:test (default-test) @ ui ---
[INFO] No tests to run.
[INFO]
[INFO] --------------------------< com.dat3m:svcomp >--------------------------
[INFO] Building svcomp 4.0.0                                              [4/4]
[INFO] --------------------------------[ jar ]---------------------------------
[INFO]
[INFO] --- maven-dependency-plugin:3.6.0:copy-dependencies (copy-dependencies) @ svcomp ---
[INFO] org.antlr:antlr4-runtime:jar:4.13.0 already exists in destination.
[INFO] com.google.guava:guava:jar:32.1.2-jre already exists in destination.
[INFO] com.google.guava:failureaccess:jar:1.0.1 already exists in destination.
[INFO] com.google.guava:listenablefuture:jar:9999.0-empty-to-avoid-conflict-with-guava already exists in destination.
[INFO] com.google.code.findbugs:jsr305:jar:3.0.2 already exists in destination.
[INFO] org.checkerframework:checker-qual:jar:3.33.0 already exists in destination.
[INFO] com.google.errorprone:error_prone_annotations:jar:2.18.0 already exists in destination.
[INFO] com.google.j2objc:j2objc-annotations:jar:2.8 already exists in destination.
[INFO] org.sosy-lab:java-smt:jar:4.1.0 already exists in destination.
[INFO] org.sosy-lab:common:jar:0.3000-569-g89796f98 already exists in destination.
[INFO] com.github.spotbugs:spotbugs-annotations:jar:4.7.3 already exists in destination.
[INFO] de.uni-freiburg.informatik.ultimate:smtinterpol:jar:2.5-1242-g5c50fb6d already exists in destination.
[INFO] io.github.uuverifiers:princess_2.13:jar:2023-06-19 already exists in destination.
[INFO] org.scala-lang:scala-library:jar:2.13.10 already exists in destination.
[INFO] io.github.uuverifiers:princess-parser_2.13:jar:2023-06-19 already exists in destination.
[INFO] io.github.uuverifiers:princess-smt-parser_2.13:jar:2023-06-19 already exists in destination.
[INFO] org.scala-lang.modules:scala-parser-combinators_2.13:jar:1.1.2 already exists in destination.
[INFO] net.sf.squirrel-sql.thirdparty-non-maven:java-cup:jar:0.11a already exists in destination.
[INFO] org.codehaus.mojo:animal-sniffer-annotations:jar:1.18 already exists in destination.
[INFO] org.apache.logging.log4j:log4j-api:jar:2.23.0 already exists in destination.
[INFO] org.apache.logging.log4j:log4j-core:jar:2.23.0 already exists in destination.
[INFO] org.sosy-lab:javasmt-solver-z3:jar:com.microsoft.z3:4.12.2 already exists in destination.
[INFO] commons-cli:commons-cli:jar:1.5.0 already exists in destination.
[INFO] org.sosy-lab:javasmt-solver-cvc4:jar:CVC4:1.8-prerelease-2020-06-24-g7825d8f28 already exists in destination.
[INFO] org.sosy-lab:javasmt-solver-cvc5:jar:cvc5:1.0.5-g4cb2ab9eb already exists in destination.
[INFO] org.sosy-lab:javasmt-solver-opensmt:jar:opensmt:2.5.2-g7f502169 already exists in destination.
[INFO] org.sosy-lab:javasmt-yices2:jar:4.1.0-1-gc58fe5b4 already exists in destination.
[INFO]
[INFO] --- maven-dependency-plugin:3.6.0:copy (copy) @ svcomp ---
[INFO] Configured Artifact: org.sosy-lab:javasmt-solver-z3:libz3java:?:so
[INFO] Configured Artifact: org.sosy-lab:javasmt-solver-z3:libz3:?:so
[INFO] Configured Artifact: org.sosy-lab:javasmt-solver-mathsat5:libmathsat5j:?:so
[INFO] Configured Artifact: org.sosy-lab:javasmt-solver-boolector:libboolector:?:so
[WARNING] The POM for org.sosy-lab:javasmt-solver-boolector:so:libboolector:3.2.2-g1a89c229 is invalid, transitive dependencies (if any) will not be available, enable debug logging for more details
[INFO] Configured Artifact: org.sosy-lab:javasmt-solver-boolector:libminisat:?:so
[WARNING] The POM for org.sosy-lab:javasmt-solver-boolector:so:libminisat:3.2.2-g1a89c229 is invalid, transitive dependencies (if any) will not be available, enable debug logging for more details
[INFO] Configured Artifact: org.sosy-lab:javasmt-solver-boolector:libpicosat:?:so
[WARNING] The POM for org.sosy-lab:javasmt-solver-boolector:so:libpicosat:3.2.2-g1a89c229 is invalid, transitive dependencies (if any) will not be available, enable debug logging for more details
[INFO] Configured Artifact: org.sosy-lab:javasmt-solver-cvc4:libcvc4:?:so
[INFO] Configured Artifact: org.sosy-lab:javasmt-solver-cvc4:libcvc4jni:?:so
[INFO] Configured Artifact: org.sosy-lab:javasmt-solver-cvc4:libcvc4parser:?:so
[INFO] Configured Artifact: org.sosy-lab:javasmt-solver-cvc5:libcvc5:?:so
[INFO] Configured Artifact: org.sosy-lab:javasmt-solver-cvc5:libcvc5jni:?:so
[INFO] Configured Artifact: org.sosy-lab:javasmt-solver-cvc5:libcvc5parser:?:so
[INFO] Configured Artifact: org.sosy-lab:javasmt-solver-cvc5:libpoly:?:so
[INFO] Configured Artifact: org.sosy-lab:javasmt-solver-cvc5:libpolyxx:?:so
[INFO] Configured Artifact: org.sosy-lab:javasmt-solver-opensmt:libopensmtjava:?:so
[INFO] Configured Artifact: org.sosy-lab:javasmt-solver-opensmt:libopensmt:?:so
[INFO] Configured Artifact: org.sosy-lab:javasmt-solver-yices2:libyices2j:?:so
[WARNING] The POM for org.sosy-lab:javasmt-solver-yices2:so:libyices2j:2.6.2-396-g194350c1 is invalid, transitive dependencies (if any) will not be available, enable debug logging for more details
[INFO] org.sosy-lab:javasmt-solver-z3:libz3java:4.12.2:so already exists in /home/Dat3M/svcomp/target/libs
[INFO] org.sosy-lab:javasmt-solver-z3:libz3:4.12.2:so already exists in /home/Dat3M/svcomp/target/libs
[INFO] org.sosy-lab:javasmt-solver-mathsat5:libmathsat5j:5.6.10:so already exists in /home/Dat3M/svcomp/target/libs
[INFO] org.sosy-lab:javasmt-solver-boolector:libboolector:3.2.2-g1a89c229:so already exists in /home/Dat3M/svcomp/target/libs
[INFO] org.sosy-lab:javasmt-solver-boolector:libminisat:3.2.2-g1a89c229:so already exists in /home/Dat3M/svcomp/target/libs
[INFO] org.sosy-lab:javasmt-solver-boolector:libpicosat:3.2.2-g1a89c229:so already exists in /home/Dat3M/svcomp/target/libs
[INFO] org.sosy-lab:javasmt-solver-cvc4:libcvc4:1.8-prerelease-2020-06-24-g7825d8f28:so already exists in /home/Dat3M/svcomp/target/libs
[INFO] org.sosy-lab:javasmt-solver-cvc4:libcvc4jni:1.8-prerelease-2020-06-24-g7825d8f28:so already exists in /home/Dat3M/svcomp/target/libs
[INFO] org.sosy-lab:javasmt-solver-cvc4:libcvc4parser:1.8-prerelease-2020-06-24-g7825d8f28:so already exists in /home/Dat3M/svcomp/target/libs
[INFO] org.sosy-lab:javasmt-solver-cvc5:libcvc5:1.0.5-g4cb2ab9eb:so already exists in /home/Dat3M/svcomp/target/libs
[INFO] org.sosy-lab:javasmt-solver-cvc5:libcvc5jni:1.0.5-g4cb2ab9eb:so already exists in /home/Dat3M/svcomp/target/libs
[INFO] org.sosy-lab:javasmt-solver-cvc5:libcvc5parser:1.0.5-g4cb2ab9eb:so already exists in /home/Dat3M/svcomp/target/libs
[INFO] org.sosy-lab:javasmt-solver-cvc5:libpoly:1.0.5-g4cb2ab9eb:so already exists in /home/Dat3M/svcomp/target/libs
[INFO] org.sosy-lab:javasmt-solver-cvc5:libpolyxx:1.0.5-g4cb2ab9eb:so already exists in /home/Dat3M/svcomp/target/libs
[INFO] org.sosy-lab:javasmt-solver-opensmt:libopensmtjava:2.5.2-g7f502169:so already exists in /home/Dat3M/svcomp/target/libs
[INFO] org.sosy-lab:javasmt-solver-opensmt:libopensmt:2.5.2-g7f502169:so already exists in /home/Dat3M/svcomp/target/libs
[INFO] org.sosy-lab:javasmt-solver-yices2:libyices2j:2.6.2-396-g194350c1:so already exists in /home/Dat3M/svcomp/target/libs
[INFO]
[INFO] --- git-commit-id-plugin:4.9.10:revision (populate-git-commit-information) @ svcomp ---
[INFO]
[INFO] --- maven-resources-plugin:3.3.1:resources (default-resources) @ svcomp ---
[INFO] Copying 1 resource from src/main/resources to target/classes
[INFO]
[INFO] --- maven-compiler-plugin:3.11.0:compile (default-compile) @ svcomp ---
[INFO] Changes detected - recompiling the module! :dependency
[INFO] Compiling 1 source file with javac [debug target 17] to target/classes
[INFO]
[INFO] --- maven-resources-plugin:3.3.1:testResources (default-testResources) @ svcomp ---
[INFO] skip non existing resourceDirectory /home/Dat3M/svcomp/src/test/resources
[INFO]
[INFO] --- maven-compiler-plugin:3.11.0:testCompile (default-testCompile) @ svcomp ---
[INFO] No sources to compile
[INFO]
[INFO] --- maven-surefire-plugin:3.1.2:test (default-test) @ svcomp ---
[INFO] No tests to run.
[INFO] ------------------------------------------------------------------------
[INFO] Reactor Summary for dat3m 4.0.0:
[INFO]
[INFO] dat3m .............................................. SUCCESS [  0.002 s]
[INFO] dartagnan .......................................... SUCCESS [48:25 min]
[INFO] ui ................................................. SUCCESS [  0.310 s]
[INFO] svcomp ............................................. SUCCESS [  1.410 s]
[INFO] ------------------------------------------------------------------------
[INFO] BUILD SUCCESS
[INFO] ------------------------------------------------------------------------
[INFO] Total time:  48:27 min
[INFO] Finished at: 2024-04-21T12:29:34Z
[INFO] ------------------------------------------------------------------------